<?xml version="1.0" encoding="UTF-8"?>
<!-- Generated by org.testng.reporters.JUnitReportReporter -->
<testsuite hostname="iDeliver36" name="com.java.git.UFTDeveloperTest" tests="1" failures="0" timestamp="12 Apr 2021 16:05:13 GMT" time="47.930" errors="0">
  <testcase name="test" time="47.930" classname="com.java.git.UFTDeveloperTest"/>
</testsuite> <!-- com.java.git.UFTDeveloperTest -->
