<?xml version="1.0" encoding="UTF-8"?>
<!-- Generated by org.testng.reporters.JUnitReportReporter -->
<testsuite hostname="iDeliver36" name="com.java.git.UFTDeveloperTest" tests="1" failures="0" timestamp="12 Apr 2021 17:43:03 GMT" time="44.263" errors="0">
  <testcase name="test" time="44.263" classname="com.java.git.UFTDeveloperTest"/>
</testsuite> <!-- com.java.git.UFTDeveloperTest -->
